Arguments: 
  C:\Program Files\nodejs\node.exe C:\Program Files (x86)\Yarn\bin\yarn.js

PATH: 
  C:\Users\Jenzard\WebstormProjects\AngMatAng8App\node_modules\.bin;C:\ProgramData\DockerDesktop\version-bin;C:\Program Files\Docker\Docker\Resources\bin;C:\Program Files (x86)\Common Files\Oracle\Java\javapath;C:\Program Files (x86)\Intel\iCLS Client\;C:\ProgramData\Oracle\Java\javapath;C:\Program Files\Intel\iCLS Client\;C:\WINDOWS\system32;C:\WINDOWS;C:\WINDOWS\System32\Wbem;C:\WINDOWS\System32\WindowsPowerShell\v1.0\;C:\Program Files\Git\cmd;C:\Program Files (x86)\Intel\Intel(R) Management Engine Components\DAL;C:\Program Files\Intel\Intel(R) Management Engine Components\DAL;C:\Program Files (x86)\Intel\Intel(R) Management Engine Components\IPT;C:\Program Files\Intel\Intel(R) Management Engine Components\IPT;C:\Ruby24-x64\bin;C:\Users\Jenzard\AppData\Roaming\nvm;C:\Program Files\nodejs;C:\WINDOWS\System32\OpenSSH\;C:\Program Files\Intel\WiFi\bin\;C:\Program Files\Common Files\Intel\WirelessCommon\;C:\Program Files\nodejs\;C:\Program Files (x86)\Yarn\bin\;C:\Users\Jenzard\AppData\Local\Microsoft\WindowsApps;C:\Users\Jenzard\AppData\Roaming\nvm;C:\Program Files\nodejs;C:\Users\Jenzard\AppData\Roaming\npm;C:\Users\Jenzard\AppData\Local\Yarn\bin;C:\Users\Jenzard\AppData\Local\GitHubDesktop\bin;C:\Users\Jenzard\AppData\Local\Programs\Microsoft VS Code\bin

Yarn version: 
  1.19.1

Node version: 
  10.16.3

Platform: 
  win32 x64

Trace: 
  Error: https://registry.yarnpkg.com/rxjs/-/rxjs-6.5.3.tgz: ESOCKETTIMEDOUT
      at ClientRequest.<anonymous> (C:\Program Files (x86)\Yarn\lib\cli.js:141191:19)
      at Object.onceWrapper (events.js:286:20)
      at ClientRequest.emit (events.js:198:13)
      at TLSSocket.emitRequestTimeout (_http_client.js:662:40)
      at Object.onceWrapper (events.js:286:20)
      at TLSSocket.emit (events.js:198:13)
      at TLSSocket.Socket._onTimeout (net.js:442:8)
      at ontimeout (timers.js:436:11)
      at tryOnTimeout (timers.js:300:5)
      at listOnTimeout (timers.js:263:5)

npm manifest: 
  {
    "name": "jen-is-learning-material-design",
    "version": "0.0.1",
    "scripts": {
      "ng": "ng",
      "start": "ng serve",
      "build": "ng build",
      "test": "ng test",
      "lint": "ng lint",
      "e2e": "ng e2e"
    },
    "private": true,
    "dependencies": {
      "@angular/animations": "^8.2.14",
      "@angular/cdk": "~7.3.7",
      "@angular/common": "^8.2.14",
      "@angular/compiler": "^8.2.14",
      "@angular/core": "^8.2.14",
      "@angular/forms": "^8.2.14",
      "@angular/material": "~7.3.7",
      "@angular/platform-browser": "^8.2.14",
      "@angular/platform-browser-dynamic": "^8.2.14",
      "@angular/router": "^8.2.14",
      "core-js": "^2.6.10",
      "hammerjs": "^2.0.8",
      "lodash": "^4.17.15",
      "rxjs": "~6.5.3",
      "tslib": "^1.10.0",
      "zone.js": "~0.9.1"
    },
    "devDependencies": {
      "@angular-devkit/build-angular": "^0.803.20",
      "@angular/cli": "^8.3.20",
      "@angular/compiler-cli": "^8.2.14",
      "@angular/language-service": "^8.2.14",
      "@types/jasmine": "~2.8.8",
      "@types/jasminewd2": "^2.0.8",
      "@types/lodash": "^4.14.144",
      "@types/node": "~8.9.4",
      "codelyzer": "~4.5.0",
      "jasmine-core": "~2.99.1",
      "jasmine-spec-reporter": "~4.2.1",
      "karma": "~3.1.1",
      "karma-chrome-launcher": "~2.2.0",
      "karma-coverage-istanbul-reporter": "^2.0.6",
      "karma-jasmine": "~1.1.2",
      "karma-jasmine-html-reporter": "^0.2.2",
      "protractor": "~5.4.0",
      "ts-node": "~7.0.0",
      "tslint": "~5.11.0",
      "typescript": "^3.5.3"
    }
  }

yarn manifest: 
  No manifest

Lockfile: 
  No lockfile
